
------------------------------------------------------
cts-export.py : running at 2014-11-19-17-39-03
------------------------------------------------------

Lets split & commit...

{'CTS_ExportLogDir': 'logs/EXPORT/',
 'CTS_ExportTarget': 'EXPORT/dmclubcustomerblog.wordpress.2014-10-29.xml',
 'CTS_ImportLogDir': 'logs/IMPORT/',
 'CTS_ImportTarget': 'IMPORT/wordpress-import.xml',
 'DB_NewName': 'bizclub_prev_db',
 'DB_NewPass': 'njernjklfew98jivreknfr3ilj',
 'DB_NewUser': 'bizclub_prev_nahkduehiw',
 'GIT_ContentBranch': 'testbranch',
 'GIT_ContentLocal': '../bizclub-content',
 'GIT_ContentRemote': 'https://github.com/digitalmail/bizclub-contnet.git',
 'GIT_Pass': 'garbbokulant',
 'GIT_User': 'bcauto',
 'INS_Domain': 'www.prec.bizclub.net',
 'INS_Webroot': '/bome/sites/www.prev.bizclub.net/www'}

Copying into local repo

/Users/richardknight/Documents/WORKAREA/DML/_GIT/bizclub-content


On branch testbranch
Your branch is up-to-date with 'origin/testbranch'.

Changes to be committed:
  (use "git reset HEAD <file>..." to unstage)

	new file:   dmclubcustomerblog.wordpress.2014-10-29.xml


[testbranch 4bba3cb] Test One
 1 file changed, 2179 insertions(+)
 create mode 100644 dmclubcustomerblog.wordpress.2014-10-29.xml

To https://github.com/digitalmail/bizclub-content.git
   498629e..4bba3cb  testbranch -> testbranch


