
------------------------------------------------------
cts-import.py : running at 2014-11-19-20-33-46
------------------------------------------------------

Let's join & import...

{'CTS_ExportLogDir': 'logs/EXPORT/',
 'CTS_ExportTarget': 'EXPORT/dmclubcustomerblog.wordpress.2014-10-29.xml',
 'CTS_ImportLogDir': 'logs/IMPORT/',
 'CTS_ImportTarget': 'IMPORT/',
 'DB_NewName': 'bizclub_prev_db',
 'DB_NewPass': 'njernjklfew98jivreknfr3ilj',
 'DB_NewUser': 'bizclub_prev_nahkduehiw',
 'GIT_ContentBranch': 'testbranch',
 'GIT_ContentLocal': '../bizclub-content',
 'GIT_ContentRemote': 'https://github.com/digitalmail/bizclub-content.git',
 'GIT_Pass': 'garbbokulant',
 'GIT_User': 'bcauto',
 'INS_Domain': 'www.prec.bizclub.net',
 'INS_Webroot': '/home/sites/www.prev.bizclub.net/www'}

/Users/rk/Documents/WORKAREA/PLAY/bizclub-content

ERROR: Shell command error, running git pull
/Users/rk/Documents/WORKAREA/PLAY/wp-xml-transformer

Copying into import area @ IMPORT/


STATUS: SUCCESS
DONE

